[0m[0KOld key: QAP_8224, new key: QAP_T2375[0K
Old key: , new key:[0K
Old key: QAP_8223, new key: QAP_T2376[0K
Old key: QAP_8210, new key: QAP_T2377[0K
Old key: QAP_8200, new key: QAP_T2378[0K
Old key: QAP_8171, new key: QAP_T2379[0K
Old key: QAP_8169, new key: QAP_T2380[0K
Old key: QAP_8167, new key: QAP_T2381[0K
Old key: QAP_8166, new key: QAP_T2382[0K
Old key: QAP_8165, new key: QAP_T2383[0K
Old key: QAP_8164, new key: QAP_T2384[0K
Old key: QAP_8012, new key: QAP_T2385[0K
Old key: QAP_8010, new key: QAP_T2386[0K
Old key: QAP_8006, new key: QAP_T2387[0K
Old key: QAP_7926, new key: QAP_T2388[0K
Old key: QAP_7862, new key: QAP_T2389[0K
Old key: QAP_7859, new key: QAP_T2390[0K
Old key: QAP_7664, new key: QAP_T2391[0K
Old key: QAP_7657, new key: QAP_T2392[0K
Old key: QAP_7656, new key: QAP_T2393[0K
Old key: QAP_7558, new key: QAP_T2394[0K
Old key: QAP_7556, new key: QAP_T2395[0K
Old key: QAP_7554, new key: QAP_T2396[0K
Old key: QAP_7471, new key: QAP_T2397[0K
Old key: QAP_7392, new key: QAP_T2398[0K
Old key: QAP_7391, new key: QAP_T2399[0K
Old key: QAP_7304, new key: QAP_T2400[0K
Old key: QAP_7296, new key: QAP_T2401[0K
Old key: QAP_7292, new key: QAP_T2402[0K
Old key: QAP_7290, new key: QAP_T2403[0K
Old key: QAP_7287, new key: QAP_T2404[0K
Old key: QAP_7284, new key: QAP_T2405[0K
Old key: QAP_7279, new key: QAP_T2406[0K
Old key: QAP_7270, new key: QAP_T2407[0K
Old key: QAP_7263, new key: QAP_T2408[0K
Old key: QAP_7262, new key: QAP_T2409[0K
Old key: QAP_7168, new key: QAP_T2410[0K
Old key: QAP_7167, new key: QAP_T2411[0K
Old key: QAP_7162, new key: QAP_T2412[0K
Old key: QAP_7160, new key: QAP_T2413[0K
Old key: QAP_7159, new key: QAP_T2414[0K
Old key: QAP_7138, new key: QAP_T2415[0K
Old key: QAP_7132, new key: QAP_T2416[0K
Old key: QAP_7130, new key: QAP_T2417[0K
Old key: QAP_7129, new key: QAP_T2418[0K
Old key: QAP_7126, new key: QAP_T2419[0K
Old key: QAP_7125, new key: QAP_T2420[0K
Old key: QAP_7109, new key: QAP_T2421[0K
Old key: QAP_7094, new key: QAP_T2422[0K
Old key: QAP_7081, new key: QAP_T2423[0K
Old key: QAP_7079, new key: QAP_T2424[0K
Old key: QAP_7078, new key: QAP_T2425[0K
Old key: QAP_7073, new key: QAP_T2426[0K
Old key: QAP_6996, new key: QAP_T2427[0K
Old key: QAP_6995, new key: QAP_T2428[0K
Old key: QAP_6993, new key: QAP_T2429[0K
Old key: QAP_6975, new key: QAP_T2430[0K
Old key: QAP_6974, new key: QAP_T2431[0K
Old key: QAP_6933, new key: QAP_T2432[0K
Old key: QAP_6932, new key: QAP_T2433[0K
Old key: QAP_6931, new key: QAP_T2434[0K
Old key: QAP_6731, new key: QAP_T2435[0K
Old key: QAP_6711, new key: QAP_T2436[0K
Old key: QAP_6697, new key: QAP_T2437[0K
Old key: QAP_6691, new key: QAP_T2438[0K
Old key: QAP_6624, new key: QAP_T2439[0K
Old key: QAP_6598, new key: QAP_T2440[0K
Old key: QAP_6593, new key: QAP_T2441[0K
Old key: QAP_6571, new key: QAP_T2442[0K
Old key: QAP_6531, new key: QAP_T2443[0K
Old key: QAP_6519, new key: QAP_T2444[0K
Old key: QAP_6501, new key: QAP_T2445[0K
Old key: QAP_6499, new key: QAP_T2446[0K
Old key: QAP_6447, new key: QAP_T2447[0K
Old key: QAP_6364, new key: QAP_T2448[0K
Old key: QAP_6360, new key: QAP_T2449[0K
Old key: QAP_6354, new key: QAP_T2450[0K
Old key: QAP_6353, new key: QAP_T2451[0K
Old key: QAP_6337, new key: QAP_T2452[0K
Old key: QAP_6289, new key: QAP_T2453[0K
Old key: QAP_6192, new key: QAP_T2454[0K
Old key: QAP_6164, new key: QAP_T2455[0K
Old key: QAP_6155, new key: QAP_T2456[0K
Old key: QAP_6153, new key: QAP_T2457[0K
Old key: QAP_6151, new key: QAP_T2458[0K
Old key: QAP_6149, new key: QAP_T2459[0K
Old key: QAP_6148, new key: QAP_T2460[0K
Old key: QAP_6147, new key: QAP_T2461[0K
Old key: QAP_6145, new key: QAP_T2462[0K[1G
Old key: QAP_6141, new key: QAP_T2463[0K
Old key: QAP_6140, new key: QAP_T2464[0K
Old key: QAP_6139, new key: QAP_T2465[0K
Old key: QAP_6135, new key: QAP_T2466[0K
Old key: QAP_6118, new key: QAP_T2467[0K
Old key: QAP_6117, new key: QAP_T2468[0K
Old key: QAP_6116, new key: QAP_T2469[0K
Old key: QAP_6080, new key: QAP_T2470[0K
Old key: QAP_6043, new key: QAP_T2471[0K
Old key: QAP_6010, new key: QAP_T2472[0K
Old key: QAP_6008, new key: QAP_T2473[0K
Old key: QAP_6007, new key: QAP_T2474[0K
Old key: QAP_5992, new key: QAP_T2475[0K
Old key: QAP_5988, new key: QAP_T2476[0K
Old key: QAP_5974, new key: QAP_T2477[0K
Old key: QAP_5973, new key: QAP_T2478[0K
Old key: QAP_5924, new key: QAP_T2479[0K
Old key: QAP_5856, new key: QAP_T2480[0K
Old key: QAP_5848, new key: QAP_T2481[0K
Old key: QAP_5814, new key: QAP_T2482[0K
Old key: QAP_5797, new key: QAP_T2483[0K
Old key: QAP_5796, new key: QAP_T2484[0K
Old key: QAP_5795, new key: QAP_T2485[0K
Old key: QAP_5794, new key: QAP_T2486[0K
Old key: QAP_5635, new key: QAP_T2487[0K
Old key: QAP_5600, new key: QAP_T2488[0K
Old key: QAP_5598, new key: QAP_T2489[0K
Old key: QAP_5591, new key: QAP_T2490[0K
Old key: QAP_5589, new key: QAP_T2491[0K
Old key: QAP_5585, new key: QAP_T2492[0K
Old key: QAP_5564, new key: QAP_T2493[0K
Old key: QAP_5553, new key: QAP_T2494[0K
Old key: QAP_5551, new key: QAP_T2495[0K
Old key: QAP_5537, new key: QAP_T2496[0K
Old key: QAP_5389, new key: QAP_T2497[0K
Old key: QAP_5369, new key: QAP_T2498[0K
Old key: QAP_5355, new key: QAP_T2499[0K
Old key: QAP_5353, new key: QAP_T2500[0K
Old key: QAP_5328, new key: QAP_T2501[0K
Old key: QAP_5203, new key: QAP_T2502[0K
Old key: QAP_5190, new key: QAP_T2503[0K
Old key: QAP_5186, new key: QAP_T2504[0K
Old key: QAP_5140, new key: QAP_T2505[0K
Old key: QAP_5020, new key: QAP_T2506[0K
Old key: QAP_5006, new key: QAP_T2507[0K
Old key: QAP_4888, new key: QAP_T2508[0K
Old key: QAP_4867, new key: QAP_T2509[0K
Old key: QAP_4866, new key: QAP_T2510[0K
Old key: QAP_4828, new key: QAP_T2511[0K
Old key: QAP_4824, new key: QAP_T2512[0K
Old key: QAP_4823, new key: QAP_T2513[0K
Old key: QAP_4802, new key: QAP_T2514[0K
Old key: QAP_4797, new key: QAP_T2515[0K
Old key: QAP_4794, new key: QAP_T2516[0K
Old key: QAP_4780, new key: QAP_T2517[0K
Old key: QAP_4779, new key: QAP_T2518[0K
Old key: QAP_4777, new key: QAP_T2519[0K
Old key: QAP_4769, new key: QAP_T2520[0K
Old key: QAP_4768, new key: QAP_T2521[0K
Old key: QAP_4767, new key: QAP_T2522[0K
Old key: QAP_4726, new key: QAP_T2523[0K
Old key: QAP_4677, new key: QAP_T2524[0K
Old key: QAP_4673, new key: QAP_T2525[0K
Old key: QAP_4514, new key: QAP_T2526[0K
Old key: QAP_4510, new key: QAP_T2527[0K
Old key: QAP_4505, new key: QAP_T2528[0K
Old key: QAP_4497, new key: QAP_T2529[0K
Old key: QAP_4456, new key: QAP_T2530[0K
Old key: QAP_4455, new key: QAP_T2531[0K
Old key: QAP_4401, new key: QAP_T2532[0K
Old key: QAP_4400, new key: QAP_T2533[0K
Old key: QAP_4391, new key: QAP_T2534[0K
Old key: QAP_4387, new key: QAP_T2535[0K
Old key: QAP_4379, new key: QAP_T2536[0K
Old key: QAP_4234, new key: QAP_T2537[0K
Old key: QAP_4228, new key: QAP_T2538[0K
Old key: QAP_4223, new key: QAP_T2539[0K
Old key: QAP_4156, new key: QAP_T2540[0K
Old key: QAP_4149, new key: QAP_T2541[0K
Old key: QAP_4122, new key: QAP_T2542[0K
Old key: QAP_4094, new key: QAP_T2543[0K
Old key: QAP_4092, new key: QAP_T2544[0K
Old key: QAP_4091, new key: QAP_T2545[0K
Old key: QAP_4085, new key: QAP_T2546[0K
Old key: QAP_4016, new key: QAP_T2547[0K
Old key: QAP_3939, new key: QAP_T2548[0K
Old key: QAP_3938, new key: QAP_T2549[0K
Old key: QAP_3937, new key: QAP_T2550[0K
Old key: QAP_3929, new key: QAP_T2551[0K
Old key: QAP_3908, new key: QAP_T2552[0K
Old key: QAP_3904, new key: QAP_T2553[0K
Old key: QAP_3902, new key: QAP_T2554[0K
Old key: QAP_3901, new key: QAP_T2555[0K
Old key: QAP_3885, new key: QAP_T2556[0K
Old key: QAP_3879, new key: QAP_T2557[0K
Old key: QAP_3851, new key: QAP_T2558[0K
Old key: QAP_3850, new key: QAP_T2559[0K
Old key: QAP_3849, new key: QAP_T2560[0K
Old key: QAP_3848, new key: QAP_T2561[0K
Old key: QAP_3841, new key: QAP_T2562[0K
Old key: QAP_3836, new key: QAP_T2563[0K
Old key: QAP_3835, new key: QAP_T2564[0K
Old key: QAP_3834, new key: QAP_T2565[0K
Old key: QAP_3832, new key: QAP_T2566[0K
Old key: QAP_3825, new key: QAP_T2567[0K
Old key: QAP_3824, new key: QAP_T2568[0K
Old key: QAP_3819, new key: QAP_T2569[0K
Old key: QAP_3818, new key: QAP_T2570[0K
Old key: QAP_3817, new key: QAP_T2571[0K
Old key: QAP_3811, new key: QAP_T2572[0K
Old key: QAP_3807, new key: QAP_T2573[0K
Old key: QAP_3806, new key: QAP_T2574[0K
Old key: QAP_3805, new key: QAP_T2575[0K
Old key: QAP_3802, new key: QAP_T2576[0K
Old key: QAP_3801, new key: QAP_T2577[0K
Old key: QAP_3798, new key: QAP_T2578[0K
Old key: QAP_3772, new key: QAP_T2579[0K
Old key: QAP_3766, new key: QAP_T2580[0K
Old key: QAP_3764, new key: QAP_T2581[0K
Old key: QAP_3763, new key: QAP_T2582[0K
Old key: QAP_3762, new key: QAP_T2583[0K
Old key: QAP_3761, new key: QAP_T2584[0K
Old key: QAP_3760, new key: QAP_T2585[0K
Old key: QAP_3759, new key: QAP_T2586[0K
Old key: QAP_3758, new key: QAP_T2587[0K
Old key: QAP_3757, new key: QAP_T2588[0K
Old key: QAP_3747, new key: QAP_T2589[0K
Old key: QAP_3744, new key: QAP_T2590[0K
Old key: QAP_3742, new key: QAP_T2591[0K
Old key: QAP_3741, new key: QAP_T2592[0K
Old key: QAP_3740, new key: QAP_T2593[0K
Old key: QAP_3739, new key: QAP_T2594[0K
Old key: QAP_3735, new key: QAP_T2595[0K
Old key: QAP_3734, new key: QAP_T2596[0K
Old key: QAP_3721, new key: QAP_T2597[0K
Old key: QAP_3720, new key: QAP_T2598[0K
Old key: QAP_3711, new key: QAP_T2599[0K
Old key: QAP_3704, new key: QAP_T2600[0K
Old key: QAP_3694, new key: QAP_T2601[0K
Old key: QAP_3693, new key: QAP_T2602[0K
Old key: QAP_3689, new key: QAP_T2603[0K
Old key: QAP_3674, new key: QAP_T2604[0K
Old key: QAP_3661, new key: QAP_T2605[0K
Old key: QAP_3646, new key: QAP_T2606[0K
Old key: QAP_3644, new key: QAP_T2607[0K
Old key: QAP_3641, new key: QAP_T2608[0K
Old key: QAP_3636, new key: QAP_T2609[0K
Old key: QAP_3615, new key: QAP_T2610[0K
Old key: QAP_3610, new key: QAP_T2611[0K
Old key: QAP_3589, new key: QAP_T2612[0K
Old key: QAP_3577, new key: QAP_T2613[0K
Old key: QAP_3565, new key: QAP_T2614[0K
Old key: QAP_3563, new key: QAP_T2615[0K
Old key: QAP_3562, new key: QAP_T2616[0K
Old key: QAP_3561, new key: QAP_T2617[0K
Old key: QAP_3557, new key: QAP_T2618[0K
Old key: QAP_3555, new key: QAP_T2619[0K
Old key: QAP_3554, new key: QAP_T2620[0K
Old key: QAP_3544, new key: QAP_T2621[0K
Old key: QAP_3537, new key: QAP_T2622[0K
Old key: QAP_3533, new key: QAP_T2623[0K
Old key: QAP_3531, new key: QAP_T2624[0K
Old key: QAP_3505, new key: QAP_T2625[0K
Old key: QAP_3502, new key: QAP_T2626[0K
Old key: QAP_3501, new key: QAP_T2627[0K
Old key: QAP_3499, new key: QAP_T2628[0K
Old key: QAP_3494, new key: QAP_T2629[0K
Old key: QAP_3484, new key: QAP_T2630[0K
Old key: QAP_3475, new key: QAP_T2631[0K
Old key: QAP_3471, new key: QAP_T2632[0K
Old key: QAP_3467, new key: QAP_T2633[0K
Old key: QAP_3460, new key: QAP_T2634[0K
Old key: QAP_3456, new key: QAP_T2635[0K
Old key: QAP_3454, new key: QAP_T2636[0K
Old key: QAP_3452, new key: QAP_T2637[0K
Old key: QAP_3447, new key: QAP_T2638[0K
Old key: QAP_3419, new key: QAP_T2639[0K
Old key: QAP_3418, new key: QAP_T2640[0K
Old key: QAP_3416, new key: QAP_T2641[0K
Old key: QAP_3415, new key: QAP_T2642[0K
Old key: QAP_3414, new key: QAP_T2643[0K
Old key: QAP_3412, new key: QAP_T2644[0K
Old key: QAP_3410, new key: QAP_T2645[0K
Old key: QAP_3409, new key: QAP_T2646[0K
Old key: QAP_3401, new key: QAP_T2647[0K
Old key: QAP_3397, new key: QAP_T2648[0K
Old key: QAP_3396, new key: QAP_T2649[0K
Old key: QAP_3394, new key: QAP_T2650[0K
Old key: QAP_3393, new key: QAP_T2651[0K
Old key: QAP_3390, new key: QAP_T2652[0K
Old key: QAP_3379, new key: QAP_T2653[0K
Old key: QAP_3364, new key: QAP_T2654[0K
Old key: QAP_3356, new key: QAP_T2655[0K
Old key: QAP_3355, new key: QAP_T2656[0K
Old key: QAP_3354, new key: QAP_T2657[0K
Old key: QAP_3335, new key: QAP_T2658[0K
Old key: QAP_3311, new key: QAP_T2659[0K
Old key: QAP_3302, new key: QAP_T2660[0K
Old key: QAP_3301, new key: QAP_T2661[0K
Old key: QAP_3291, new key: QAP_T2662[0K
Old key: QAP_3290, new key: QAP_T2663[0K
Old key: QAP_3289, new key: QAP_T2664[0K
Old key: QAP_3288, new key: QAP_T2665[0K
Old key: QAP_3271, new key: QAP_T2666[0K
Old key: QAP_3270, new key: QAP_T2667[0K
Old key: QAP_3262, new key: QAP_T2668[0K
Old key: QAP_3261, new key: QAP_T2669[0K
Old key: QAP_3260, new key: QAP_T2670[0K
Old key: QAP_3258, new key: QAP_T2671[0K
Old key: QAP_3257, new key: QAP_T2672[0K
Old key: QAP_3256, new key: QAP_T2673[0K
Old key: QAP_3254, new key: QAP_T2674[0K
Old key: QAP_3253, new key: QAP_T2675[0K
Old key: QAP_3252, new key: QAP_T2676[0K
Old key: QAP_3250, new key: QAP_T2677[0K
Old key: QAP_3234, new key: QAP_T2678[0K
Old key: QAP_3233, new key: QAP_T2679[0K
Old key: QAP_3157, new key: QAP_T2680[0K
Old key: QAP_3147, new key: QAP_T2681[0K
Old key: QAP_3146, new key: QAP_T2682[0K
Old key: QAP_3142, new key: QAP_T2683[0K
Old key: QAP_3141, new key: QAP_T2684[0K
Old key: QAP_3140, new key: QAP_T2685[0K
Old key: QAP_3132, new key: QAP_T2686[0K
Old key: QAP_3128, new key: QAP_T2687[0K
Old key: QAP_3113, new key: QAP_T2688[0K
Old key: QAP_3111, new key: QAP_T2689[0K
Old key: QAP_3110, new key: QAP_T2690[0K
Old key: QAP_3109, new key: QAP_T2691[0K
Old key: QAP_3108, new key: QAP_T2692[0K
Old key: QAP_3107, new key: QAP_T2693[0K
Old key: QAP_3106, new key: QAP_T2694[0K
Old key: QAP_3101, new key: QAP_T2695[0K
Old key: QAP_3099, new key: QAP_T2696[0K
Old key: QAP_3082, new key: QAP_T2697[0K
Old key: QAP_3081, new key: QAP_T2698[0K
Old key: QAP_3080, new key: QAP_T2699[0K
Old key: QAP_3073, new key: QAP_T2700[0K
Old key: QAP_3069, new key: QAP_T2701[0K
Old key: QAP_3068, new key: QAP_T2702[0K
Old key: QAP_3067, new key: QAP_T2703[0K
Old key: QAP_3066, new key: QAP_T2704[0K
Old key: QAP_3064, new key: QAP_T2705[0K
Old key: QAP_3050, new key: QAP_T2706[0K
Old key: QAP_3049, new key: QAP_T2707[0K
Old key: QAP_3048, new key: QAP_T2708[0K
Old key: QAP_3046, new key: QAP_T2709[0K
Old key: QAP_3045, new key: QAP_T2710[0K
Old key: QAP_3042, new key: QAP_T2711[0K
Old key: QAP_3039, new key: QAP_T2712[0K
Old key: QAP_3017, new key: QAP_T2713[0K
Old key: QAP_3005, new key: QAP_T2714[0K
Old key: QAP_3004, new key: QAP_T2715[0K
Old key: QAP_3003, new key: QAP_T2716[0K
Old key: QAP_3002, new key: QAP_T2717[0K
Old key: QAP_2990, new key: QAP_T2718[0K
Old key: QAP_2966, new key: QAP_T2719[0K
Old key: QAP_2965, new key: QAP_T2720[0K
Old key: QAP_2958, new key: QAP_T2721[0K
Old key: QAP_2957, new key: QAP_T2722[0K
Old key: QAP_2949, new key: QAP_T2723[0K
Old key: QAP_2948, new key: QAP_T2724[0K
Old key: QAP_2947, new key: QAP_T2725[0K
Old key: QAP_2885, new key: QAP_T2726[0K
Old key: QAP_2884, new key: QAP_T2727[0K
Old key: QAP_2883, new key: QAP_T2728[0K
Old key: QAP_2880, new key: QAP_T2729[0K
Old key: QAP_2879, new key: QAP_T2730[0K
Old key: QAP_2878, new key: QAP_T2731[0K
Old key: QAP_2877, new key: QAP_T2732[0K
Old key: QAP_2876, new key: QAP_T2733[0K
Old key: QAP_2874, new key: QAP_T2734[0K
Old key: QAP_2873, new key: QAP_T2735[0K
Old key: QAP_2872, new key: QAP_T2736[0K
Old key: QAP_2870, new key: QAP_T2737[0K
Old key: QAP_2869, new key: QAP_T2738[0K
Old key: QAP_2868, new key: QAP_T2739[0K
Old key: QAP_2867, new key: QAP_T2740[0K
Old key: QAP_2866, new key: QAP_T2741[0K
Old key: QAP_2855, new key: QAP_T2742[0K
Old key: QAP_2854, new key: QAP_T2743[0K
Old key: QAP_2847, new key: QAP_T2744[0K
Old key: QAP_2844, new key: QAP_T2745[0K
Old key: QAP_2836, new key: QAP_T2746[0K
Old key: QAP_2835, new key: QAP_T2747[0K
Old key: QAP_2826, new key: QAP_T2748[0K
Old key: QAP_2825, new key: QAP_T2749[0K
Old key: QAP_2824, new key: QAP_T2750[0K
Old key: QAP_2823, new key: QAP_T2751[0K
Old key: QAP_2816, new key: QAP_T2752[0K
Old key: QAP_2815, new key: QAP_T2753[0K
Old key: QAP_2814, new key: QAP_T2754[0K
Old key: QAP_2813, new key: QAP_T2755[0K
Old key: QAP_2812, new key: QAP_T2756[0K
Old key: QAP_2807, new key: QAP_T2757[0K
Old key: QAP_2797, new key: QAP_T2758[0K
Old key: QAP_2796, new key: QAP_T2759[0K
Old key: QAP_2795, new key: QAP_T2760[0K
Old key: QAP_2779, new key: QAP_T2761[0K
Old key: QAP_2774, new key: QAP_T2762[0K
Old key: QAP_2766, new key: QAP_T2763[0K
Old key: QAP_2765, new key: QAP_T2764[0K
Old key: QAP_2764, new key: QAP_T2765[0K
Old key: QAP_2761, new key: QAP_T2766[0K
Old key: QAP_2759, new key: QAP_T2767[0K
Old key: QAP_2750, new key: QAP_T2768[0K
Old key: QAP_2729, new key: QAP_T2769[0K
Old key: QAP_2728, new key: QAP_T2770[0K
Old key: QAP_2727, new key: QAP_T2771[0K
Old key: QAP_2715, new key: QAP_T2772[0K
Old key: QAP_2694, new key: QAP_T2773[0K
Old key: QAP_2686, new key: QAP_T2774[0K
Old key: QAP_2679, new key: QAP_T2775[0K
Old key: QAP_2678, new key: QAP_T2776[0K
Old key: QAP_2677, new key: QAP_T2777[0K
Old key: QAP_2676, new key: QAP_T2778[0K
Old key: QAP_2674, new key: QAP_T2779[0K
Old key: QAP_2670, new key: QAP_T2780[0K
Old key: QAP_2668, new key: QAP_T2781[0K
Old key: QAP_2646, new key: QAP_T2782[0K
Old key: QAP_2633, new key: QAP_T2783[0K
Old key: QAP_2587, new key: QAP_T2784[0K
Old key: QAP_2582, new key: QAP_T2785[0K
Old key: QAP_2579, new key: QAP_T2786[0K
Old key: QAP_2577, new key: QAP_T2787[0K
Old key: QAP_2572, new key: QAP_T2788[0K
Old key: QAP_2570, new key: QAP_T2789[0K
Old key: QAP_2569, new key: QAP_T2790[0K
Old key: QAP_2565, new key: QAP_T2791[0K
Old key: QAP_2556, new key: QAP_T2792[0K
Old key: QAP_2555, new key: QAP_T2793[0K
Old key: QAP_2549, new key: QAP_T2794[0K
Old key: QAP_2545, new key: QAP_T2795[0K
Old key: QAP_2541, new key: QAP_T2796[0K
Old key: QAP_2538, new key: QAP_T2797[0K
Old key: QAP_2537, new key: QAP_T2798[0K
Old key: QAP_2536, new key: QAP_T2799[0K
Old key: QAP_2535, new key: QAP_T2800[0K
Old key: QAP_2523, new key: QAP_T2801[0K
Old key: QAP_2514, new key: QAP_T2802[0K
Old key: QAP_2508, new key: QAP_T2803[0K
Old key: QAP_2506, new key: QAP_T2804[0K
Old key: QAP_2505, new key: QAP_T2805[0K
Old key: QAP_2502, new key: QAP_T2806[0K
Old key: QAP_2501, new key: QAP_T2807[0K
Old key: QAP_2500, new key: QAP_T2808[0K
Old key: QAP_2497, new key: QAP_T2809[0K
Old key: QAP_2496, new key: QAP_T2810[0K
Old key: QAP_2494, new key: QAP_T2811[0K
Old key: QAP_2492, new key: QAP_T2812[0K
Old key: QAP_2491, new key: QAP_T2813[0K
Old key: QAP_2490, new key: QAP_T2814[0K
Old key: QAP_2489, new key: QAP_T2815[0K
Old key: QAP_2488, new key: QAP_T2816[0K
Old key: QAP_2486, new key: QAP_T2817[0K
Old key: QAP_2484, new key: QAP_T2818[0K
Old key: QAP_2483, new key: QAP_T2819[0K
Old key: QAP_2472, new key: QAP_T2820[0K
Old key: QAP_2470, new key: QAP_T2821[0K
Old key: QAP_2453, new key: QAP_T2822[0K
Old key: QAP_2426, new key: QAP_T2823[0K
Old key: QAP_2420, new key: QAP_T2824[0K
Old key: QAP_2419, new key: QAP_T2825[0K
Old key: QAP_2416, new key: QAP_T2826[0K
Old key: QAP_2401, new key: QAP_T2827[0K
Old key: QAP_2382, new key: QAP_T2828[0K
Old key: QAP_2378, new key: QAP_T2829[0K
Old key: QAP_2377, new key: QAP_T2830[0K
Old key: QAP_2374, new key: QAP_T2831[0K
Old key: QAP_2373, new key: QAP_T2832[0K
Old key: QAP_2363, new key: QAP_T2833[0K
Old key: QAP_2353, new key: QAP_T2834[0K
Old key: QAP_2350, new key: QAP_T2835[0K
Old key: QAP_2345, new key: QAP_T2836[0K
Old key: QAP_2344, new key: QAP_T2837[0K
Old key: QAP_2343, new key: QAP_T2838[0K
Old key: QAP_2326, new key: QAP_T2839[0K
Old key: QAP_2325, new key: QAP_T2840[0K
Old key: QAP_2320, new key: QAP_T2841[0K
Old key: QAP_2309, new key: QAP_T2842[0K
Old key: QAP_2297, new key: QAP_T2843[0K
Old key: QAP_2296, new key: QAP_T2844[0K
Old key: QAP_2295, new key: QAP_T2845[0K
Old key: QAP_2294, new key: QAP_T2846[0K
Old key: QAP_2293, new key: QAP_T2847[0K
Old key: QAP_2292, new key: QAP_T2848[0K
Old key: QAP_2291, new key: QAP_T2849[0K
Old key: QAP_2290, new key: QAP_T2850[0K
Old key: QAP_2288, new key: QAP_T2851[0K
Old key: QAP_2283, new key: QAP_T2852[0K
Old key: QAP_2278, new key: QAP_T2853[0K
Old key: QAP_2265, new key: QAP_T2854[0K
Old key: QAP_2255, new key: QAP_T2855[0K
Old key: QAP_2253, new key: QAP_T2856[0K
Old key: QAP_2252, new key: QAP_T2857[0K
Old key: QAP_2251, new key: QAP_T2858[0K
Old key: QAP_2250, new key: QAP_T2859[0K
Old key: QAP_2228, new key: QAP_T2860[0K
Old key: QAP_2177, new key: QAP_T2861[0K
Old key: QAP_2159, new key: QAP_T2862[0K
Old key: QAP_2143, new key: QAP_T2863[0K
Old key: QAP_2137, new key: QAP_T2864[0K
Old key: QAP_2130, new key: QAP_T2865[0K
Old key: QAP_2129, new key: QAP_T2866[0K
Old key: QAP_2124, new key: QAP_T2867[0K
Old key: QAP_2123, new key: QAP_T2868[0K
Old key: QAP_2121, new key: QAP_T2869[0K
Old key: QAP_2117, new key: QAP_T2870[0K
Old key: QAP_2114, new key: QAP_T2871[0K
Old key: QAP_2113, new key: QAP_T2872[0K
Old key: QAP_2109, new key: QAP_T2873[0K
Old key: QAP_2108, new key: QAP_T2874[0K
Old key: QAP_2107, new key: QAP_T2875[0K
Old key: QAP_2106, new key: QAP_T2876[0K
Old key: QAP_2105, new key: QAP_T2877[0K
Old key: QAP_2104, new key: QAP_T2878[0K
Old key: QAP_2103, new key: QAP_T2879[0K
Old key: QAP_2101, new key: QAP_T2880[0K
Old key: QAP_2100, new key: QAP_T2881[0K
Old key: QAP_2099, new key: QAP_T2882[0K
Old key: QAP_2098, new key: QAP_T2883[0K
Old key: QAP_2096, new key: QAP_T2884[0K
Old key: QAP_2092, new key: QAP_T2885[0K
Old key: QAP_2091, new key: QAP_T2886[0K
Old key: QAP_2090, new key: QAP_T2887[0K
Old key: QAP_2089, new key: QAP_T2888[0K
Old key: QAP_2087, new key: QAP_T2889[0K
Old key: QAP_2086, new key: QAP_T2890[0K
Old key: QAP_2085, new key: QAP_T2891[0K
Old key: QAP_2084, new key: QAP_T2892[0K
Old key: QAP_2082, new key: QAP_T2893[0K
Old key: QAP_2081, new key: QAP_T2894[0K
Old key: QAP_2080, new key: QAP_T2895[0K
Old key: QAP_2079, new key: QAP_T2896[0K
Old key: QAP_2078, new key: QAP_T2897[0K
Old key: QAP_2077, new key: QAP_T2898[0K
Old key: QAP_2073, new key: QAP_T2899[0K
Old key: QAP_2071, new key: QAP_T2900[0K
Old key: QAP_2070, new key: QAP_T2901[0K
Old key: QAP_2069, new key: QAP_T2902[0K
Old key: QAP_2066, new key: QAP_T2903[0K
Old key: QAP_2064, new key: QAP_T2904[0K
Old key: QAP_2063, new key: QAP_T2905[0K
Old key: QAP_2062, new key: QAP_T2906[0K
Old key: QAP_2060, new key: QAP_T2907[0K
Old key: QAP_2059, new key: QAP_T2908[0K
Old key: QAP_2058, new key: QAP_T2909[0K
Old key: QAP_2055, new key: QAP_T2910[0K
Old key: QAP_2051, new key: QAP_T2911[0K
Old key: QAP_2050, new key: QAP_T2912[0K
Old key: QAP_2049, new key: QAP_T2913[0K
Old key: QAP_2041, new key: QAP_T2914[0K
Old key: QAP_2039, new key: QAP_T2915[0K
Old key: QAP_2038, new key: QAP_T2916[0K
Old key: QAP_2037, new key: QAP_T2917[0K
Old key: QAP_2036, new key: QAP_T2918[0K
Old key: QAP_2035, new key: QAP_T2919[0K
Old key: QAP_2034, new key: QAP_T2920[0K
Old key: QAP_2020, new key: QAP_T2921[0K
Old key: QAP_2019, new key: QAP_T2922[0K
Old key: QAP_2016, new key: QAP_T2923[0K
Old key: QAP_2015, new key: QAP_T2924[0K
Old key: QAP_2013, new key: QAP_T2925[0K
Old key: QAP_2012, new key: QAP_T2926[0K
Old key: QAP_2010, new key: QAP_T2927[0K
Old key: QAP_2009, new key: QAP_T2928[0K
Old key: QAP_1978, new key: QAP_T2929[0K
Old key: QAP_1972, new key: QAP_T2930[0K
Old key: QAP_1970, new key: QAP_T2931[0K
Old key: QAP_1898, new key: QAP_T2932[0K
Old key: QAP_1897, new key: QAP_T2933[0K
Old key: QAP_1896, new key: QAP_T2934[0K
Old key: QAP_1895, new key: QAP_T2935[0K
Old key: QAP_1762, new key: QAP_T2936[0K
Old key: QAP_1761, new key: QAP_T2937[0K
Old key: QAP_1760, new key: QAP_T2938[0K
Old key: QAP_1755, new key: QAP_T2939[0K
Old key: QAP_1746, new key: QAP_T2940[0K
Old key: QAP_1713, new key: QAP_T2941[0K
Old key: QAP_1703, new key: QAP_T2942[0K
Old key: QAP_1696, new key: QAP_T2943[0K
Old key: QAP_1685, new key: QAP_T2944[0K
Old key: QAP_1650, new key: QAP_T2945[0K
Old key: QAP_1645, new key: QAP_T2946[0K
Old key: QAP_1644, new key: QAP_T2947[0K
Old key: QAP_1643, new key: QAP_T2948[0K
Old key: QAP_1618, new key: QAP_T2949[0K
Old key: QAP_1606, new key: QAP_T2950[0K
Old key: QAP_1605, new key: QAP_T2951[0K
Old key: QAP_1604, new key: QAP_T2952[0K
Old key: QAP_1602, new key: QAP_T2953[0K
Old key: QAP_1601, new key: QAP_T2954[0K
Old key: QAP_1599, new key: QAP_T2955[0K
Old key: QAP_1597, new key: QAP_T2956[0K
Old key: QAP_1596, new key: QAP_T2957[0K
Old key: QAP_1591, new key: QAP_T2958[0K
Old key: QAP_1590, new key: QAP_T2959[0K
Old key: QAP_1589, new key: QAP_T2960[0K
Old key: QAP_1585, new key: QAP_T2961[0K
Old key: QAP_1563, new key: QAP_T2962[0K
Old key: QAP_1562, new key: QAP_T2963[0K
Old key: QAP_1560, new key: QAP_T2964[0K
Old key: QAP_1559, new key: QAP_T2965[0K
Old key: QAP_1558, new key: QAP_T2966[0K
Old key: QAP_1557, new key: QAP_T2967[0K
Old key: QAP_1554, new key: QAP_T2968[0K
Old key: QAP_1552, new key: QAP_T2969[0K
Old key: QAP_1551, new key: QAP_T2970[0K
Old key: QAP_1549, new key: QAP_T2971[0K
Old key: QAP_1548, new key: QAP_T2972[0K
Old key: QAP_1547, new key: QAP_T2973[0K
Old key: QAP_1545, new key: QAP_T2974[0K
Old key: QAP_1544, new key: QAP_T2975[0K
Old key: QAP_1542, new key: QAP_T2976[0K
Old key: QAP_1540, new key: QAP_T2977[0K
Old key: QAP_1539, new key: QAP_T2978[0K
Old key: QAP_1537, new key: QAP_T2979[0K
Old key: QAP_1536, new key: QAP_T2980[0K
Old key: QAP_1532, new key: QAP_T2981[0K
Old key: QAP_1526, new key: QAP_T2982[0K
Old key: QAP_1518, new key: QAP_T2983[0K
Old key: QAP_1512, new key: QAP_T2984[0K
Old key: QAP_1511, new key: QAP_T2985[0K
Old key: QAP_1418, new key: QAP_T2986[0K
Old key: QAP_1115, new key: QAP_T2987[0K
Old key: QAP_992, new key: QAP_T2988[0K
Old key: QAP_982, new key: QAP_T2989[0K
Old key: QAP_870, new key: QAP_T2990[0K
Old key: QAP_852, new key: QAP_T2991[0K
Old key: QAP_851, new key: QAP_T2992[0K
Old key: QAP_850, new key: QAP_T2993[0K
Old key: QAP_849, new key: QAP_T2994[0K
Old key: QAP_848, new key: QAP_T2995[0K
Old key: QAP_847, new key: QAP_T2996[0K
Old key: QAP_843, new key: QAP_T2997[0K
Old key: QAP_842, new key: QAP_T2998[0K
Old key: QAP_837, new key: QAP_T2999[0K
Old key: QAP_836, new key: QAP_T3000[0K
Old key: QAP_833, new key: QAP_T3001[0K
Old key: QAP_751, new key: QAP_T3002[0K
Old key: QAP_741, new key: QAP_T3003[0K
Old key: QAP_722, new key: QAP_T3004[0K
Old key: QAP_721, new key: QAP_T3005[0K
Old key: QAP_720, new key: QAP_T3006[0K
Old key: QAP_719, new key: QAP_T3007[0K
Old key: QAP_718, new key: QAP_T3008[0K
Old key: QAP_714, new key: QAP_T3009[0K
Old key: QAP_713, new key: QAP_T3010[0K
Old key: QAP_711, new key: QAP_T3011[0K
Old key: QAP_710, new key: QAP_T3012[0K
Old key: QAP_709, new key: QAP_T3013[0K
Old key: QAP_708, new key: QAP_T3014[0K
Old key: QAP_702, new key: QAP_T3015[0K
Old key: QAP_699, new key: QAP_T3016[0K
Old key: QAP_698, new key: QAP_T3017[0K
Old key: QAP_697, new key: QAP_T3018[0K
Old key: QAP_691, new key: QAP_T3019[0K
Old key: QAP_687, new key: QAP_T3020[0K
Old key: QAP_686, new key: QAP_T3021[0K
Old key: QAP_685, new key: QAP_T3022[0K
Old key: QAP_683, new key: QAP_T3023[0K
Old key: QAP_682, new key: QAP_T3024[0K
Old key: QAP_648, new key: QAP_T3025[0K
Old key: QAP_646, new key: QAP_T3026[0K
Old key: QAP_645, new key: QAP_T3027[0K
Old key: QAP_643, new key: QAP_T3028[0K
Old key: QAP_639, new key: QAP_T3029[0K
Old key: QAP_638, new key: QAP_T3030[0K
Old key: QAP_637, new key: QAP_T3031[0K
Old key: QAP_636, new key: QAP_T3032[0K
Old key: QAP_612, new key: QAP_T3033[0K
Old key: QAP_611, new key: QAP_T3034[0K
Old key: QAP_610, new key: QAP_T3035[0K
Old key: QAP_609, new key: QAP_T3036[0K
Old key: QAP_606, new key: QAP_T3037[0K
Old key: QAP_604, new key: QAP_T3038[0K
Old key: QAP_602, new key: QAP_T3039[0K
Old key: QAP_601, new key: QAP_T3040[0K
Old key: QAP_600, new key: QAP_T3041[0K
Old key: QAP_599, new key: QAP_T3042[0K
Old key: QAP_598, new key: QAP_T3043[0K
Old key: QAP_597, new key: QAP_T3044[0K
Old key: QAP_595, new key: QAP_T3045[0K
Old key: QAP_594, new key: QAP_T3046[0K
Old key: QAP_593, new key: QAP_T3047[0K
Old key: QAP_592, new key: QAP_T3048[0K
Old key: QAP_591, new key: QAP_T3049[0K
Old key: QAP_590, new key: QAP_T3050[0K
Old key: QAP_589, new key: QAP_T3051[0K
Old key: QAP_588, new key: QAP_T3052[0K
Old key: QAP_587, new key: QAP_T3053[0K
Old key: QAP_586, new key: QAP_T3054[0K
Old key: QAP_585, new key: QAP_T3055[0K
Old key: QAP_584, new key: QAP_T3056[0K
Old key: QAP_582, new key: QAP_T3057[0K
Old key: QAP_581, new key: QAP_T3058[0K
Old key: QAP_580, new key: QAP_T3059[0K
Old key: QAP_579, new key: QAP_T3060[0K
Old key: QAP_578, new key: QAP_T3061[0K
Old key: QAP_577, new key: QAP_T3062[0K
Old key: QAP_576, new key: QAP_T3063[0K
Old key: QAP_575, new key: QAP_T3064[0K
Old key: QAP_574, new key: QAP_T3065[0K
Old key: QAP_573, new key: QAP_T3066[0K
Old key: QAP_572, new key: QAP_T3067[0K
Old key: QAP_571, new key: QAP_T3068[0K
Old key: QAP_570, new key: QAP_T3069[0K
Old key: QAP_569, new key: QAP_T3070[0K
Old key: QAP_568, new key: QAP_T3071[0K
Old key: QAP_567, new key: QAP_T3072[0K
Old key: QAP_566, new key: QAP_T3073[0K
Old key: QAP_565, new key: QAP_T3074[0K
Old key: QAP_564, new key: QAP_T3075[0K
Old key: QAP_561, new key: QAP_T3076[0K
Old key: QAP_556, new key: QAP_T3077[0K
Old key: QAP_555, new key: QAP_T3078[0K
Old key: QAP_545, new key: QAP_T3079[0K
Old key: QAP_542, new key: QAP_T3080[0K
Old key: QAP_534, new key: QAP_T3081[0K
Old key: QAP_533, new key: QAP_T3082[0K
Old key: QAP_530, new key: QAP_T3083[0K
Old key: QAP_529, new key: QAP_T3084[0K
Old key: QAP_516, new key: QAP_T3085[0K
Old key: QAP_504, new key: QAP_T3086[0K
Old key: QAP_492, new key: QAP_T3087[0K
Old key: QAP_467, new key: QAP_T3088[0K
Old key: QAP_462, new key: QAP_T3089[0K
Old key: QAP_458, new key: QAP_T3090[0K
Old key: QAP_404, new key: QAP_T3091[0K
Old key: QAP_382, new key: QAP_T3092[0K
Old key: QAP_231, new key: QAP_T3093[0K
Old key: QAP_228, new key: QAP_T3094[0K
Old key: QAP_223, new key: QAP_T3095[0K
Old key: QAP_111, new key: QAP_T3096[0K[1G
Old key: QAP_110, new key: QAP_T3097[0K
Old key: QAP_108, new key: QAP_T3098[0K
Old key: QAP_106, new key: QAP_T3099[0K
Old key: QAP_105, new key: QAP_T3100[0K
Old key: QAP_99, new key: QAP_T3101[0K
Old key: QAP_98, new key: QAP_T3102[0K
Old key: QAP_27, new key: QAP_T3103[0K
Old key: QAP_23, new key: QAP_T3104[0K
Old key: QAP_21, new key: QAP_T3105[0K
Old key: QAP_19, new key: QAP_T3106[0K
Old key: QAP_17, new key: QAP_T3107[0K
Old key: QAP_13, new key: QAP_T3108[0K
Old key: QAP_9, new key: QAP_T3109[0K
Old key: QAP_6, new key: QAP_T3110[0K
Old key: QAP_5, new key: QAP_T3111[0K
Old key: QAP_2, new key: QAP_T3112[0K
Old key: QAP_8214, new key: QAP_T5123[0K
Old key: QAP_8136, new key: QAP_T5124[0K
Old key: QAP_8135, new key: QAP_T5125[0K
Old key: QAP_7975, new key: QAP_T5126[0K
Old key: QAP_7974, new key: QAP_T5127[0K
Old key: QAP_7964, new key: QAP_T5128[0K
Old key: QAP_7939, new key: QAP_T5129[0K
Old key: QAP_7879, new key: QAP_T5130[0K
Old key: QAP_3420, new key: QAP_T5131[0K
Old key: QAP_7997, new key: QAP_T5995[0K
[0K